ReadWriteSensorData/Projecto_V1/Projecto/build/intermediates/manifest_merge_blame_file/debug/manifest-merger-blame-debug-report.txt
1<?xml version="1.0" encoding="utf-8"?>
2<manifest xmlns:android="http://schemas.android.com/apk/res/android"
3    package="com.example.projecto_v1"
4    android:versionCode="1"
5    android:versionName="1.0" >
6
7    <uses-sdk
8        android:minSdkVersion="21"
8-->src\main\AndroidManifest.xml
9        android:targetSdkVersion="28" />
9-->src\main\AndroidManifest.xml
10
11    <uses-permission android:name="android.permission.INTERNET" />
11-->src\main\AndroidManifest.xml:5:5-67
11-->src\main\AndroidManifest.xml:5:22-64
12    <uses-permission android:name="android.permission.VIBRATE" />
12-->src\main\AndroidManifest.xml:6:5-66
12-->src\main\AndroidManifest.xml:6:22-63
13    <uses-permission android:name="android.permission.BLUETOOTH_ADMIN" />
13-->src\main\AndroidManifest.xml:7:5-74
13-->src\main\AndroidManifest.xml:7:22-71
14    <uses-permission android:name="android.permission.BLUETOOTH" />
14-->src\main\AndroidManifest.xml:8:5-68
14-->src\main\AndroidManifest.xml:8:22-65
15    <uses-permission android:name="android.permission.ACCESS_COARSE_LOCATION" />
15-->src\main\AndroidManifest.xml:9:5-81
15-->src\main\AndroidManifest.xml:9:22-78
16    <uses-permission android:name="android.permission.ACCESS_FINE_LOCATION" />
16-->src\main\AndroidManifest.xml:10:5-79
16-->src\main\AndroidManifest.xml:10:22-76
17    <uses-permission android:name="android.permission.WRITE_EXTERNAL_STORAGE" />
17-->src\main\AndroidManifest.xml:11:5-81
17-->src\main\AndroidManifest.xml:11:22-78
18    <uses-permission android:name="android.permission.GET_ACCOUNTS" />
18-->src\main\AndroidManifest.xml:12:5-71
18-->src\main\AndroidManifest.xml:12:22-68
19    <uses-permission android:name="android.permission.RECORD_AUDIO" />
19-->src\main\AndroidManifest.xml:13:5-71
19-->src\main\AndroidManifest.xml:13:22-68
20
21    <uses-feature
21-->src\main\AndroidManifest.xml:15:5-17:35
22        android:name="android.hardware.bluetooth_le"
22-->src\main\AndroidManifest.xml:16:9-53
23        android:required="true" />
23-->src\main\AndroidManifest.xml:17:9-32
24
25    <application
25-->src\main\AndroidManifest.xml:19:5-40:19
26        android:allowBackup="true"
26-->src\main\AndroidManifest.xml:20:9-35
27        android:appComponentFactory="androidx.core.app.CoreComponentFactory"
27-->[androidx.core:core:1.1.0] AndroidManifest.xml:24:18-86
28        android:debuggable="true"
29        android:icon="@mipmap/ic_launcher"
29-->src\main\AndroidManifest.xml:21:9-43
30        android:label="@string/app_name"
30-->src\main\AndroidManifest.xml:22:9-41
31        android:roundIcon="@mipmap/ic_launcher_round"
31-->src\main\AndroidManifest.xml:23:9-54
32        android:supportsRtl="true"
32-->src\main\AndroidManifest.xml:24:9-35
33        android:testOnly="true"
34        android:theme="@style/AppTheme" >
34-->src\main\AndroidManifest.xml:25:9-40
35        <activity android:name="com.example.projecto_v1.BluetoothReceiver" />
35-->src\main\AndroidManifest.xml:26:9-64
35-->src\main\AndroidManifest.xml:26:19-52
36        <activity android:name="com.example.projecto_v1.FileRead" />
36-->src\main\AndroidManifest.xml:27:9-46
36-->src\main\AndroidManifest.xml:27:19-43
37        <activity android:name="com.example.projecto_v1.JanelaGPS" />
37-->src\main\AndroidManifest.xml:28:9-47
37-->src\main\AndroidManifest.xml:28:19-44
38        <activity android:name="com.example.projecto_v1.JanelaGraficos" />
38-->src\main\AndroidManifest.xml:29:9-52
38-->src\main\AndroidManifest.xml:29:19-49
39        <activity android:name="com.example.projecto_v1.JanelaBluetooth" />
39-->src\main\AndroidManifest.xml:30:9-53
39-->src\main\AndroidManifest.xml:30:19-50
40        <activity android:name="com.example.projecto_v1.JanelaSensores" />
40-->src\main\AndroidManifest.xml:31:9-52
40-->src\main\AndroidManifest.xml:31:19-49
41        <activity android:name="com.example.projecto_v1.JanelaConfiguracoes" />
41-->src\main\AndroidManifest.xml:32:9-57
41-->src\main\AndroidManifest.xml:32:19-54
42        <activity android:name="com.example.projecto_v1.MainActivity" >
42-->src\main\AndroidManifest.xml:33:9-39:20
42-->src\main\AndroidManifest.xml:33:19-47
43            <intent-filter>
43-->src\main\AndroidManifest.xml:34:13-38:29
44                <action android:name="android.intent.action.MAIN" />
44-->src\main\AndroidManifest.xml:35:17-69
44-->src\main\AndroidManifest.xml:35:25-66
45
46                <category android:name="android.intent.category.LAUNCHER" />
46-->src\main\AndroidManifest.xml:37:17-77
46-->src\main\AndroidManifest.xml:37:27-74
47            </intent-filter>
48        </activity>
49    </application>
50
51</manifest>